[0m11:37:31.009622 [debug] [MainThread]: Sending event: {'category': 'dbt', 'action': 'invocation', 'label': 'start', 'context': [<snowplow_tracker.self_describing_json.SelfDescribingJson object at 0x1049f1f60>, <snowplow_tracker.self_describing_json.SelfDescribingJson object at 0x1062fd600>, <snowplow_tracker.self_describing_json.SelfDescribingJson object at 0x1062fcee0>]}


============================== 11:37:31.018157 | ddb78db0-0bc6-42f9-888d-b89ef98f1803 ==============================
[0m11:37:31.018157 [info ] [MainThread]: Running with dbt=1.8.6
[0m11:37:31.018415 [debug] [MainThread]: running dbt with arguments {'printer_width': '80', 'indirect_selection': 'eager', 'write_json': 'True', 'log_cache_events': 'False', 'partial_parse': 'True', 'cache_selected_only': 'False', 'profiles_dir': '/Users/joel/.dbt', 'debug': 'False', 'fail_fast': 'False', 'log_path': 'logs', 'version_check': 'True', 'warn_error': 'None', 'use_colors': 'True', 'use_experimental_parser': 'False', 'no_print': 'None', 'quiet': 'False', 'empty': 'None', 'log_format': 'default', 'invocation_command': 'dbt init', 'warn_error_options': 'WarnErrorOptions(include=[], exclude=[])', 'introspect': 'True', 'target_path': 'None', 'static_parser': 'True', 'send_anonymous_usage_stats': 'True'}
[0m11:37:31.042045 [warn ] [MainThread]: [ConfigFolderDirectory]: Unable to parse dict {'dir': PosixPath('/Users/joel/.dbt')}
[0m11:37:31.042299 [info ] [MainThread]: Creating dbt configuration folder at 
[0m11:37:42.345487 [debug] [MainThread]: Starter project path: /Users/joel/Documents/projects/dbt-tutorial/.venv/lib/python3.10/site-packages/dbt/include/starter_project
[0m11:37:42.360752 [info ] [MainThread]: 
Your new dbt project "temp" was created!

For more information on how to configure the profiles.yml file,
please consult the dbt documentation here:

  https://docs.getdbt.com/docs/configure-your-profile

One more thing:

Need help? Don't hesitate to reach out to us via GitHub issues or on Slack:

  https://community.getdbt.com/

Happy modeling!

[0m11:37:42.361390 [info ] [MainThread]: Setting up your profile.
[0m11:37:47.985258 [info ] [MainThread]: Profile temp written to /Users/joel/.dbt/profiles.yml using target's sample configuration. Once updated, you'll be able to start developing with dbt.
[0m11:37:47.985675 [debug] [MainThread]: Resource report: {"command_name": "init", "command_success": true, "command_wall_clock_time": 17.003702, "process_user_time": 0.553509, "process_kernel_time": 0.07876, "process_mem_max_rss": "121077760", "process_in_blocks": "0", "process_out_blocks": "0"}
[0m11:37:47.985972 [debug] [MainThread]: Command `dbt init` succeeded at 11:37:47.985925 after 17.00 seconds
[0m11:37:47.986166 [debug] [MainThread]: Sending event: {'category': 'dbt', 'action': 'invocation', 'label': 'end', 'context': [<snowplow_tracker.self_describing_json.SelfDescribingJson object at 0x1049f1f60>, <snowplow_tracker.self_describing_json.SelfDescribingJson object at 0x106367790>, <snowplow_tracker.self_describing_json.SelfDescribingJson object at 0x1063657b0>]}
[0m11:37:47.986357 [debug] [MainThread]: Flushing usage events
[0m12:42:07.919307 [debug] [MainThread]: Sending event: {'category': 'dbt', 'action': 'invocation', 'label': 'start', 'context': [<snowplow_tracker.self_describing_json.SelfDescribingJson object at 0x103089f90>, <snowplow_tracker.self_describing_json.SelfDescribingJson object at 0x104995630>, <snowplow_tracker.self_describing_json.SelfDescribingJson object at 0x104994f10>]}


============================== 12:42:07.921812 | e81f7487-65a2-4f4b-b711-bb91b07ef07d ==============================
[0m12:42:07.921812 [info ] [MainThread]: Running with dbt=1.8.6
[0m12:42:07.922105 [debug] [MainThread]: running dbt with arguments {'printer_width': '80', 'indirect_selection': 'eager', 'log_cache_events': 'False', 'write_json': 'True', 'partial_parse': 'True', 'cache_selected_only': 'False', 'warn_error': 'None', 'debug': 'False', 'fail_fast': 'False', 'log_path': 'logs', 'profiles_dir': '/Users/joel/.dbt', 'version_check': 'True', 'use_colors': 'True', 'use_experimental_parser': 'False', 'no_print': 'None', 'quiet': 'False', 'empty': 'None', 'log_format': 'default', 'introspect': 'True', 'static_parser': 'True', 'invocation_command': 'dbt init', 'target_path': 'None', 'warn_error_options': 'WarnErrorOptions(include=[], exclude=[])', 'send_anonymous_usage_stats': 'True'}
[0m12:42:13.780185 [debug] [MainThread]: Starter project path: /Users/joel/Documents/projects/dbt-tutorial/.venv/lib/python3.10/site-packages/dbt/include/starter_project
[0m12:42:13.794886 [info ] [MainThread]: 
Your new dbt project "temp_dbt" was created!

For more information on how to configure the profiles.yml file,
please consult the dbt documentation here:

  https://docs.getdbt.com/docs/configure-your-profile

One more thing:

Need help? Don't hesitate to reach out to us via GitHub issues or on Slack:

  https://community.getdbt.com/

Happy modeling!

[0m12:42:13.795544 [info ] [MainThread]: Setting up your profile.
[0m12:42:19.283115 [debug] [MainThread]: Resource report: {"command_name": "init", "command_success": true, "command_wall_clock_time": 11.391198, "process_user_time": 0.510624, "process_kernel_time": 0.082913, "process_mem_max_rss": "111362048", "process_in_blocks": "0", "process_out_blocks": "0"}
[0m12:42:19.283470 [debug] [MainThread]: Command `dbt init` succeeded at 12:42:19.283423 after 11.39 seconds
[0m12:42:19.283647 [debug] [MainThread]: Sending event: {'category': 'dbt', 'action': 'invocation', 'label': 'end', 'context': [<snowplow_tracker.self_describing_json.SelfDescribingJson object at 0x103089f90>, <snowplow_tracker.self_describing_json.SelfDescribingJson object at 0x103dd54e0>, <snowplow_tracker.self_describing_json.SelfDescribingJson object at 0x104994490>]}
[0m12:42:19.283820 [debug] [MainThread]: Flushing usage events
